<?xml version="1.0" encoding="UTF-8"?>
<!-- Generated by org.testng.reporters.JUnitReportReporter -->
<testsuite skipped="0" hostname="DESKTOP-BN396F1" name="runner.TestRunner" tests="2" failures="2" timestamp="19 Sep 2022 17:05:15 GMT" time="34.524" errors="0">
  <testcase name="runScenario" time="14.233" classname="runner.TestRunner">
    <failure type="java.lang.AssertionError" message="expected [https://subscribe.jawwy.tv/ae-en] but found [https://subscribe.stctv.com/sa-en]">
      <![CDATA[java.lang.AssertionError: expected [https://subscribe.jawwy.tv/ae-en] but found [https://subscribe.stctv.com/sa-en]
	at org.testng.Assert.fail(Assert.java:93)
	at org.testng.Assert.failNotEquals(Assert.java:512)
	at org.testng.Assert.assertEqualsImpl(Assert.java:134)
	at org.testng.Assert.assertEquals(Assert.java:115)
	at org.testng.Assert.assertEquals(Assert.java:189)
	at org.testng.Assert.assertEquals(Assert.java:199)
	at pages.HomePage.verifyUrl(HomePage.java:48)
	at stepDefinitions.HomepageSteps.verify_website_current_url(HomepageSteps.java:30)
	at ✽.Verify URL of sctv Website(file:///C:/Users/HP/Documents/GitHub/SctvSubscriptions/src/test/java/features/Homepage.feature:14)
]]>
    </failure>
  </testcase> <!-- runScenario -->
  <testcase name="runScenario" time="20.291" classname="runner.TestRunner">
    <failure type="java.lang.AssertionError" message="expected [https://subscribe.jawwy.tv/ae-en] but found [https://subscribe.stctv.com/sa-en]">
      <![CDATA[java.lang.AssertionError: expected [https://subscribe.jawwy.tv/ae-en] but found [https://subscribe.stctv.com/sa-en]
	at org.testng.Assert.fail(Assert.java:93)
	at org.testng.Assert.failNotEquals(Assert.java:512)
	at org.testng.Assert.assertEqualsImpl(Assert.java:134)
	at org.testng.Assert.assertEquals(Assert.java:115)
	at org.testng.Assert.assertEquals(Assert.java:189)
	at org.testng.Assert.assertEquals(Assert.java:199)
	at pages.HomePage.verifyUrl(HomePage.java:48)
	at stepDefinitions.HomepageSteps.verify_website_current_url(HomepageSteps.java:30)
	at ✽.Verify URL of sctv Website(file:///C:/Users/HP/Documents/GitHub/SctvSubscriptions/src/test/java/features/Homepage.feature:7)
]]>
    </failure>
  </testcase> <!-- runScenario -->
</testsuite> <!-- runner.TestRunner -->
