<?xml version="1.0" encoding="UTF-8"?>
<!-- Generated by org.testng.reporters.JUnitReportReporter -->
<testsuite skipped="0" hostname="DESKTOP-BN396F1" name="runner.TestRunner" tests="2" failures="0" timestamp="19 Sep 2022 19:44:15 GMT" time="24.275" errors="0">
  <testcase name="runScenario" time="12.400" classname="runner.TestRunner"/>
  <testcase name="runScenario" time="11.875" classname="runner.TestRunner"/>
</testsuite> <!-- runner.TestRunner -->
