<?xml version="1.0" encoding="UTF-8"?>
<!-- Generated by org.testng.reporters.JUnitReportReporter -->
<testsuite skipped="0" hostname="DESKTOP-BN396F1" name="runner.TestRunner" tests="2" failures="0" timestamp="19 Sep 2022 17:15:23 GMT" time="25.625" errors="0">
  <testcase name="runScenario" time="14.343" classname="runner.TestRunner"/>
  <testcase name="runScenario" time="11.282" classname="runner.TestRunner"/>
</testsuite> <!-- runner.TestRunner -->
